<?xml version="1.0" encoding="UTF-8"?>
<!-- Generated by org.testng.reporters.JUnitReportReporter -->
<testsuite hostname="GURM39446" failures="0" tests="3" name="com.test.restassured.framwork.LoginTest" time="9.043" errors="0" timestamp="27 Dec 2017 01:10:57 GMT">
  <testcase classname="com.test.restassured.framwork.LoginTest" name="testFetchUsers" time="5.191"/>
  <testcase classname="com.test.restassured.framwork.LoginTest" name="testLoginSuccessful" time="1.445"/>
  <testcase classname="com.test.restassured.framwork.LoginTest" name="testHasItems" time="2.407"/>
</testsuite> <!-- com.test.restassured.framwork.LoginTest -->
