<?xml version="1.0" encoding="UTF-8"?>
<!-- Generated by org.testng.reporters.JUnitReportReporter -->
<testsuite hostname="GURM39446" failures="0" tests="2" name="com.test.restassured.framwork.AppTest" time="4.094" errors="0" timestamp="16 Dec 2017 07:13:21 GMT">
  <testcase classname="com.test.restassured.framwork.AppTest" name="testRegisterUserApiStatusCode" time="2.397"/>
  <testcase classname="com.test.restassured.framwork.AppTest" name="testRegisterUserApiContainsToke" time="1.697"/>
</testsuite> <!-- com.test.restassured.framwork.AppTest -->
