<?xml version="1.0" encoding="UTF-8"?>
<!-- Generated by org.testng.reporters.JUnitReportReporter -->
<testsuite hostname="GURM39446" failures="0" tests="3" name="com.test.restassured.RestAssuredTest.AppTest" time="5.875" errors="0" timestamp="16 Dec 2017 06:32:58 GMT">
  <testcase classname="com.test.restassured.RestAssuredTest.AppTest" name="testRegisterUserApiStatusCode" time="2.975"/>
  <testcase classname="com.test.restassured.RestAssuredTest.AppTest" name="testRegisterUserApiContainsToke" time="1.280"/>
  <testcase classname="com.test.restassured.RestAssuredTest.AppTest" name="testRegisterUserApiResponseJsonSchemaValidation" time="1.620"/>
</testsuite> <!-- com.test.restassured.RestAssuredTest.AppTest -->
