<?xml version="1.0" encoding="UTF-8"?>
<!-- Generated by org.testng.reporters.JUnitReportReporter -->
<testsuite hostname="GURM39446" failures="0" tests="2" name="com.test.restassured.framwork.AppTest" time="5.257" errors="0" timestamp="27 Dec 2017 00:08:10 GMT">
  <testcase classname="com.test.restassured.framwork.AppTest" name="testRegisterUserApiStatusCode" time="3.739"/>
  <testcase classname="com.test.restassured.framwork.AppTest" name="testRegisterUserApiContainsToke" time="1.518"/>
</testsuite> <!-- com.test.restassured.framwork.AppTest -->
